We are live on 8000
upload to feed successful: Kyrie Irving > Kristaps Porzingis
upload to feed successful: Jeremy Lin > Jarell Martin
upload to feed successful: Jakob Poeltl > Jeremy Lin
upload to feed successful: Kevin Durant > Jimmy Butler
upload to feed successful: DeMarcus Cousins > Willie Reed
upload to feed successful: Doug McDermott > Alexis Ajinca
upload to feed successful: Lou Williams > Henry Ellenson
upload to feed successful: Kevin Durant > Buddy Hield
upload to feed successful: Gordon Hayward > Raymond Felton
upload to feed successful: Luc Mbah > Marcus Smart
upload to feed successful: Fred VanVleet > Timofey Mozgov
upload to feed successful: Stanley Johnson > Troy Daniels
upload to feed successful: Andre Iguodala > Darius Miller
upload to feed successful: Kemba Walker > Jarrett Allen
upload to feed successful: De'Aaron Fox > Lauri Markkanen
upload to feed successful: DeMar DeRozan > Luol Deng
upload to feed successful: Ben Simmons > Aaron Brooks
upload to feed successful: Rajon Rondo > Bogdan Bogdanovic
upload to feed successful: Elfrid Payton > Kyle Singler
